<?xml version="1.0" encoding="UTF-8"?>
<!-- Generated by org.testng.reporters.JUnitXMLReporter -->
<testsuite hostname="Suraksha" ignored="0" name="MyTest" tests="6" failures="1" timestamp="2020-02-24T11:47:22 IST" time="19.96" errors="0">
  <testcase name="HomePage" time="3.018" classname="MyPackage.EntireRediffMailProject">
    <failure type="java.lang.NullPointerException">
      <![CDATA[java.lang.NullPointerException
at ObjectRepositorty.HomePage.HomeSerachNox(HomePage.java:24)
at MyPackage.EntireRediffMailProject.HomePage(EntireRediffMailProject.java:42)
at java.util.ArrayList.forEach(ArrayList.java:1257)
... Removed 27 stack frames]]>
    </failure>
  </testcase> <!-- HomePage -->
  <testcase name="RediffUserNamePassword" time="15.868" classname="MyPackage.EntireRediffMailProject"/>
  <testcase name="Mobile" time="0.006" classname="MyPackage.ExecuteClass2"/>
  <testcase name="Web" time="0.002" classname="MyPackage.ExecuteClass2"/>
  <testcase name="Mobile" time="0.002" classname="MyPackage.ExecuteClass3"/>
  <testcase name="Web" time="0.007" classname="MyPackage.ExecuteClass3"/>
</testsuite> <!-- MyTest -->
