<?xml version="1.0" encoding="UTF-8"?>
<!-- Generated by org.testng.reporters.JUnitXMLReporter -->
<testsuite hostname="Suraksha" ignored="0" name="MyTest" tests="6" failures="1" timestamp="2020-02-23T11:00:54 IST" time="32.209" errors="0">
  <testcase name="HomePage" time="3.021" classname="MyPackage.EntireRediffMailProject">
    <failure type="java.lang.NullPointerException">
      <![CDATA[java.lang.NullPointerException
at ObjectRepositorty.HomePage.HomeSerachNox(HomePage.java:24)
at MyPackage.EntireRediffMailProject.HomePage(EntireRediffMailProject.java:42)
at java.util.ArrayList.forEach(Unknown Source)
... Removed 27 stack frames]]>
    </failure>
  </testcase> <!-- HomePage -->
  <testcase name="RediffUserNamePassword" time="24.59" classname="MyPackage.EntireRediffMailProject"/>
  <testcase name="Mobile" time="0.004" classname="MyPackage.ExecuteClass3"/>
  <testcase name="Web" time="0.0" classname="MyPackage.ExecuteClass3"/>
  <testcase name="Mobile" time="0.004" classname="MyPackage.ExecuteClass2"/>
  <testcase name="Web" time="0.008" classname="MyPackage.ExecuteClass2"/>
</testsuite> <!-- MyTest -->
