<?xml version="1.0" encoding="UTF-8"?>
<testng-results skipped="0" failed="1" ignored="0" total="6" passed="5">
  <reporter-output>
  </reporter-output>
  <suite name="Suite_Testing" duration-ms="74660" started-at="2020-02-24T14:37:36 IST" finished-at="2020-02-24T14:38:50 IST">
    <groups>
    </groups>
    <test name="MyTest" duration-ms="74660" started-at="2020-02-24T14:37:36 IST" finished-at="2020-02-24T14:38:50 IST">
      <class name="MyPackage.EntireRediffMailProject">
        <test-method status="FAIL" signature="HomePage()[pri:0, instance:MyPackage.EntireRediffMailProject@49993335]" name="HomePage" duration-ms="3075" started-at="2020-02-24T14:37:36 IST" finished-at="2020-02-24T14:37:39 IST">
          <exception class="java.lang.NullPointerException">
            <full-stacktrace>
              <![CDATA[java.lang.NullPointerException
at ObjectRepositorty.HomePage.HomeSerachNox(HomePage.java:24)
at MyPackage.EntireRediffMailProject.HomePage(EntireRediffMailProject.java:42)
at sun.reflect.NativeMethodAccessorImpl.invoke0(Native Method)
at sun.reflect.NativeMethodAccessorImpl.invoke(NativeMethodAccessorImpl.java:62)
at sun.reflect.DelegatingMethodAccessorImpl.invoke(DelegatingMethodAccessorImpl.java:43)
at java.lang.reflect.Method.invoke(Method.java:498)
at org.testng.internal.MethodInvocationHelper.invokeMethod(MethodInvocationHelper.java:134)
at org.testng.internal.TestInvoker.invokeMethod(TestInvoker.java:597)
at org.testng.internal.TestInvoker.invokeTestMethod(TestInvoker.java:173)
at org.testng.internal.MethodRunner.runInSequence(MethodRunner.java:46)
at org.testng.internal.TestInvoker$MethodInvocationAgent.invoke(TestInvoker.java:816)
at org.testng.internal.TestInvoker.invokeTestMethods(TestInvoker.java:146)
at org.testng.internal.TestMethodWorker.invokeTestMethods(TestMethodWorker.java:146)
at org.testng.internal.TestMethodWorker.run(TestMethodWorker.java:128)
at java.util.ArrayList.forEach(ArrayList.java:1257)
at org.testng.TestRunner.privateRun(TestRunner.java:766)
at org.testng.TestRunner.run(TestRunner.java:587)
at org.testng.SuiteRunner.runTest(SuiteRunner.java:384)
at org.testng.SuiteRunner.runSequentially(SuiteRunner.java:378)
at org.testng.SuiteRunner.privateRun(SuiteRunner.java:337)
at org.testng.SuiteRunner.run(SuiteRunner.java:286)
at org.testng.SuiteRunnerWorker.runSuite(SuiteRunnerWorker.java:53)
at org.testng.SuiteRunnerWorker.run(SuiteRunnerWorker.java:96)
at org.testng.TestNG.runSuitesSequentially(TestNG.java:1187)
at org.testng.TestNG.runSuitesLocally(TestNG.java:1109)
at org.testng.TestNG.runSuites(TestNG.java:1039)
at org.testng.TestNG.run(TestNG.java:1007)
at org.apache.maven.surefire.testng.TestNGExecutor.run(TestNGExecutor.java:283)
at org.apache.maven.surefire.testng.TestNGXmlTestSuite.execute(TestNGXmlTestSuite.java:75)
at org.apache.maven.surefire.testng.TestNGProvider.invoke(TestNGProvider.java:120)
at org.apache.maven.surefire.booter.ForkedBooter.runSuitesInProcess(ForkedBooter.java:377)
at org.apache.maven.surefire.booter.ForkedBooter.execute(ForkedBooter.java:138)
at org.apache.maven.surefire.booter.ForkedBooter.run(ForkedBooter.java:465)
at org.apache.maven.surefire.booter.ForkedBooter.main(ForkedBooter.java:451)
]]>
            </full-stacktrace>
          </exception> <!-- java.lang.NullPointerException -->
          <reporter-output>
          </reporter-output>
        </test-method> <!-- HomePage -->
        <test-method status="PASS" signature="RediffUserNamePassword()[pri:0, instance:MyPackage.EntireRediffMailProject@49993335]" name="RediffUserNamePassword" duration-ms="71288" started-at="2020-02-24T14:37:39 IST" finished-at="2020-02-24T14:38:50 IST">
          <reporter-output>
          </reporter-output>
        </test-method> <!-- RediffUserNamePassword -->
        <test-method status="PASS" signature="Done()[pri:0, instance:MyPackage.EntireRediffMailProject@49993335]" name="Done" is-config="true" duration-ms="192" started-at="2020-02-24T14:38:50 IST" finished-at="2020-02-24T14:38:50 IST">
          <reporter-output>
          </reporter-output>
        </test-method> <!-- Done -->
      </class> <!-- MyPackage.EntireRediffMailProject -->
      <class name="MyPackage.ExecuteClass3">
        <test-method status="PASS" signature="Mobile()[pri:0, instance:MyPackage.ExecuteClass3@192b07fd]" name="Mobile" duration-ms="0" started-at="2020-02-24T14:38:50 IST" finished-at="2020-02-24T14:38:50 IST">
          <reporter-output>
          </reporter-output>
        </test-method> <!-- Mobile -->
        <test-method status="PASS" signature="Web()[pri:0, instance:MyPackage.ExecuteClass3@192b07fd]" name="Web" duration-ms="0" started-at="2020-02-24T14:38:50 IST" finished-at="2020-02-24T14:38:50 IST">
          <reporter-output>
          </reporter-output>
        </test-method> <!-- Web -->
      </class> <!-- MyPackage.ExecuteClass3 -->
      <class name="MyPackage.ExecuteClass2">
        <test-method status="PASS" signature="Mobile()[pri:0, instance:MyPackage.ExecuteClass2@20322d26]" name="Mobile" duration-ms="1" started-at="2020-02-24T14:38:50 IST" finished-at="2020-02-24T14:38:50 IST">
          <reporter-output>
          </reporter-output>
        </test-method> <!-- Mobile -->
        <test-method status="PASS" signature="Web()[pri:0, instance:MyPackage.ExecuteClass2@20322d26]" name="Web" duration-ms="1" started-at="2020-02-24T14:38:50 IST" finished-at="2020-02-24T14:38:50 IST">
          <reporter-output>
          </reporter-output>
        </test-method> <!-- Web -->
      </class> <!-- MyPackage.ExecuteClass2 -->
    </test> <!-- MyTest -->
  </suite> <!-- Suite_Testing -->
</testng-results>
