<?xml version="1.0" encoding="UTF-8"?>
<testsuite xmlns:xsi="http://www.w3.org/2001/XMLSchema-instance" xsi:noNamespaceSchemaLocation="https://maven.apache.org/surefire/maven-surefire-plugin/xsd/surefire-test-report-3.0.xsd" version="3.0" name="TestSuite" time="78.122" tests="6" errors="0" skipped="0" failures="1">
  <properties>
[...]
</properties>
  <testcase name="HomePage" classname="MyPackage.EntireRediffMailProject" time="3.104">
    <failure type="java.lang.NullPointerException"><![CDATA[java.lang.NullPointerException
	at MyPackage.EntireRediffMailProject.HomePage(EntireRediffMailProject.java:42)
]]></failure>
    <system-out><![CDATA[Home Page
]]></system-out>
  </testcase>
  <testcase name="RediffUserNamePassword" classname="MyPackage.EntireRediffMailProject" time="71.284"/>
  <testcase name="Mobile" classname="MyPackage.ExecuteClass2" time="0"/>
  <testcase name="Web" classname="MyPackage.ExecuteClass2" time="0.003"/>
  <testcase name="Mobile" classname="MyPackage.ExecuteClass3" time="0"/>
  <testcase name="Web" classname="MyPackage.ExecuteClass3" time="0"/>
</testsuite>