-------------------------------------------------------------------------------
Test set: TestSuite
-------------------------------------------------------------------------------
Tests run: 6, Failures: 1, Errors: 0, Skipped: 0, Time elapsed: 78.122 s <<< FAILURE! - in TestSuite
MyPackage.EntireRediffMailProject.HomePage  Time elapsed: 3.104 s  <<< FAILURE!
java.lang.NullPointerException
	at MyPackage.EntireRediffMailProject.HomePage(EntireRediffMailProject.java:42)

